Copyright 1986-2018 Xilinx, Inc. All Rights Reserved.
-----------------------------------------------------------------------------------------------------------------------------------------------------------------------------------------------------------------------------
| Tool Version : Vivado v.2018.3 (win64) Build 2405991 Thu Dec  6 23:38:27 MST 2018
| Date         : Wed Feb 18 12:04:23 2026
| Host         : SHUBHAM running 64-bit major release  (build 9200)
| Command      : report_timing_summary -max_paths 10 -file ALU_4_bit_Pipeline_timing_summary_routed.rpt -pb ALU_4_bit_Pipeline_timing_summary_routed.pb -rpx ALU_4_bit_Pipeline_timing_summary_routed.rpx -warn_on_violation
| Design       : ALU_4_bit_Pipeline
| Device       : 7a35t-cpg236
| Speed File   : -1  PRODUCTION 1.23 2018-06-13
-----------------------------------------------------------------------------------------------------------------------------------------------------------------------------------------------------------------------------

Timing Summary Report

------------------------------------------------------------------------------------------------
| Timer Settings
| --------------
------------------------------------------------------------------------------------------------

  Enable Multi Corner Analysis               :  Yes
  Enable Pessimism Removal                   :  Yes
  Pessimism Removal Resolution               :  Nearest Common Node
  Enable Input Delay Default Clock           :  No
  Enable Preset / Clear Arcs                 :  No
  Disable Flight Delays                      :  No
  Ignore I/O Paths                           :  No
  Timing Early Launch at Borrowing Latches   :  false

  Corner  Analyze    Analyze    
  Name    Max Paths  Min Paths  
  ------  ---------  ---------  
  Slow    Yes        Yes        
  Fast    Yes        Yes        



check_timing report

Table of Contents
-----------------
1. checking no_clock
2. checking constant_clock
3. checking pulse_width_clock
4. checking unconstrained_internal_endpoints
5. checking no_input_delay
6. checking no_output_delay
7. checking multiple_clock
8. checking generated_clocks
9. checking loops
10. checking partial_input_delay
11. checking partial_output_delay
12. checking latch_loops

1. checking no_clock
--------------------
 There are 0 register/latch pins with no clock.


2. checking constant_clock
--------------------------
 There are 0 register/latch pins with constant_clock.


3. checking pulse_width_clock
-----------------------------
 There are 0 register/latch pins which need pulse_width check


4. checking unconstrained_internal_endpoints
--------------------------------------------
 There are 0 pins that are not constrained for maximum delay.

 There are 0 pins that are not constrained for maximum delay due to constant clock.


5. checking no_input_delay
--------------------------
 There are 0 input ports with no input delay specified.

 There are 0 input ports with no input delay but user has a false path constraint.


6. checking no_output_delay
---------------------------
 There are 8 ports with no output delay specified. (HIGH)

 There are 0 ports with no output delay but user has a false path constraint

 There are 0 ports with no output delay but with a timing clock defined on it or propagating through it


7. checking multiple_clock
--------------------------
 There are 0 register/latch pins with multiple clocks.


8. checking generated_clocks
----------------------------
 There are 0 generated clocks that are not connected to a clock source.


9. checking loops
-----------------
 There are 0 combinational loops in the design.


10. checking partial_input_delay
--------------------------------
 There are 0 input ports with partial input delay specified.


11. checking partial_output_delay
---------------------------------
 There are 0 ports with partial output delay specified.


12. checking latch_loops
------------------------
 There are 0 combinational latch loops in the design through latch input



------------------------------------------------------------------------------------------------
| Design Timing Summary
| ---------------------
------------------------------------------------------------------------------------------------

    WNS(ns)      TNS(ns)  TNS Failing Endpoints  TNS Total Endpoints      WHS(ns)      THS(ns)  THS Failing Endpoints  THS Total Endpoints     WPWS(ns)     TPWS(ns)  TPWS Failing Endpoints  TPWS Total Endpoints  
    -------      -------  ---------------------  -------------------      -------      -------  ---------------------  -------------------     --------     --------  ----------------------  --------------------  
      0.551        0.000                      0                   34        0.238        0.000                      0                   34        5.500        0.000                       0                    24  


All user specified timing constraints are met.


------------------------------------------------------------------------------------------------
| Clock Summary
| -------------
------------------------------------------------------------------------------------------------

Clock  Waveform(ns)       Period(ns)      Frequency(MHz)
-----  ------------       ----------      --------------
clk    {0.000 6.000}      12.000          83.333          


------------------------------------------------------------------------------------------------
| Intra Clock Table
| -----------------
------------------------------------------------------------------------------------------------

Clock             WNS(ns)      TNS(ns)  TNS Failing Endpoints  TNS Total Endpoints      WHS(ns)      THS(ns)  THS Failing Endpoints  THS Total Endpoints     WPWS(ns)     TPWS(ns)  TPWS Failing Endpoints  TPWS Total Endpoints  
-----             -------      -------  ---------------------  -------------------      -------      -------  ---------------------  -------------------     --------     --------  ----------------------  --------------------  
clk                 0.551        0.000                      0                   34        0.238        0.000                      0                   34        5.500        0.000                       0                    24  


------------------------------------------------------------------------------------------------
| Inter Clock Table
| -----------------
------------------------------------------------------------------------------------------------

From Clock    To Clock          WNS(ns)      TNS(ns)  TNS Failing Endpoints  TNS Total Endpoints      WHS(ns)      THS(ns)  THS Failing Endpoints  THS Total Endpoints  
----------    --------          -------      -------  ---------------------  -------------------      -------      -------  ---------------------  -------------------  


------------------------------------------------------------------------------------------------
| Other Path Groups Table
| -----------------------
------------------------------------------------------------------------------------------------

Path Group    From Clock    To Clock          WNS(ns)      TNS(ns)  TNS Failing Endpoints  TNS Total Endpoints      WHS(ns)      THS(ns)  THS Failing Endpoints  THS Total Endpoints  
----------    ----------    --------          -------      -------  ---------------------  -------------------      -------      -------  ---------------------  -------------------  


------------------------------------------------------------------------------------------------
| Timing Details
| --------------
------------------------------------------------------------------------------------------------


---------------------------------------------------------------------------------------------------
From Clock:  clk
  To Clock:  clk

Setup :            0  Failing Endpoints,  Worst Slack        0.551ns,  Total Violation        0.000ns
Hold  :            0  Failing Endpoints,  Worst Slack        0.238ns,  Total Violation        0.000ns
PW    :            0  Failing Endpoints,  Worst Slack        5.500ns,  Total Violation        0.000ns
---------------------------------------------------------------------------------------------------


Max Delay Paths
--------------------------------------------------------------------------------------
Slack (MET) :             0.551ns  (required time - arrival time)
  Source:                 result_r3_reg[1]/C
                            (rising edge-triggered cell FDCE clocked by clk  {rise@0.000ns fall@6.000ns period=12.000ns})
  Destination:            result[1]
                            (output port clocked by clk  {rise@0.000ns fall@6.000ns period=12.000ns})
  Path Group:             clk
  Path Type:              Max at Slow Process Corner
  Requirement:            12.000ns  (clk rise@12.000ns - clk rise@0.000ns)
  Data Path Delay:        4.772ns  (logic 3.056ns (64.039%)  route 1.716ns (35.961%))
  Logic Levels:           1  (OBUF=1)
  Output Delay:           2.000ns
  Clock Path Skew:        -4.641ns (DCD - SCD + CPR)
    Destination Clock Delay (DCD):    0.000ns = ( 12.000 - 12.000 ) 
    Source Clock Delay      (SCD):    4.641ns
    Clock Pessimism Removal (CPR):    0.000ns
  Clock Uncertainty:      0.035ns  ((TSJ^2 + TIJ^2)^1/2 + DJ) / 2 + PE
    Total System Jitter     (TSJ):    0.071ns
    Total Input Jitter      (TIJ):    0.000ns
    Discrete Jitter          (DJ):    0.000ns
    Phase Error              (PE):    0.000ns

    Location             Delay type                Incr(ns)  Path(ns)    Netlist Resource(s)
  -------------------------------------------------------------------    -------------------
                         (clock clk rise edge)        0.000     0.000 r  
    M18                                               0.000     0.000 r  clk (IN)
                         net (fo=0)                   0.000     0.000    clk
    M18                  IBUF (Prop_ibuf_I_O)         0.938     0.938 r  clk_IBUF_inst/O
                         net (fo=1, routed)           1.972     2.910    clk_IBUF
    BUFGCTRL_X0Y0        BUFG (Prop_bufg_I_O)         0.096     3.006 r  clk_IBUF_BUFG_inst/O
                         net (fo=23, routed)          1.635     4.641    clk_IBUF_BUFG
    SLICE_X0Y11          FDCE                                         r  result_r3_reg[1]/C
  -------------------------------------------------------------------    -------------------
    SLICE_X0Y11          FDCE (Prop_fdce_C_Q)         0.456     5.097 r  result_r3_reg[1]/Q
                         net (fo=1, routed)           1.716     6.813    result_OBUF[1]
    U17                  OBUF (Prop_obuf_I_O)         2.600     9.413 r  result_OBUF[1]_inst/O
                         net (fo=0)                   0.000     9.413    result[1]
    U17                                                               r  result[1] (OUT)
  -------------------------------------------------------------------    -------------------

                         (clock clk rise edge)       12.000    12.000 r  
                         clock pessimism              0.000    12.000    
                         clock uncertainty           -0.035    11.965    
                         output delay                -2.000     9.965    
  -------------------------------------------------------------------
                         required time                          9.965    
                         arrival time                          -9.413    
  -------------------------------------------------------------------
                         slack                                  0.551    

Slack (MET) :             0.553ns  (required time - arrival time)
  Source:                 overflow_flag_r3_reg/C
                            (rising edge-triggered cell FDCE clocked by clk  {rise@0.000ns fall@6.000ns period=12.000ns})
  Destination:            overflow_flag
                            (output port clocked by clk  {rise@0.000ns fall@6.000ns period=12.000ns})
  Path Group:             clk
  Path Type:              Max at Slow Process Corner
  Requirement:            12.000ns  (clk rise@12.000ns - clk rise@0.000ns)
  Data Path Delay:        4.777ns  (logic 3.063ns (64.125%)  route 1.714ns (35.875%))
  Logic Levels:           1  (OBUF=1)
  Output Delay:           2.000ns
  Clock Path Skew:        -4.635ns (DCD - SCD + CPR)
    Destination Clock Delay (DCD):    0.000ns = ( 12.000 - 12.000 ) 
    Source Clock Delay      (SCD):    4.635ns
    Clock Pessimism Removal (CPR):    0.000ns
  Clock Uncertainty:      0.035ns  ((TSJ^2 + TIJ^2)^1/2 + DJ) / 2 + PE
    Total System Jitter     (TSJ):    0.071ns
    Total Input Jitter      (TIJ):    0.000ns
    Discrete Jitter          (DJ):    0.000ns
    Phase Error              (PE):    0.000ns

    Location             Delay type                Incr(ns)  Path(ns)    Netlist Resource(s)
  -------------------------------------------------------------------    -------------------
                         (clock clk rise edge)        0.000     0.000 r  
    M18                                               0.000     0.000 r  clk (IN)
                         net (fo=0)                   0.000     0.000    clk
    M18                  IBUF (Prop_ibuf_I_O)         0.938     0.938 r  clk_IBUF_inst/O
                         net (fo=1, routed)           1.972     2.910    clk_IBUF
    BUFGCTRL_X0Y0        BUFG (Prop_bufg_I_O)         0.096     3.006 r  clk_IBUF_BUFG_inst/O
                         net (fo=23, routed)          1.629     4.635    clk_IBUF_BUFG
    SLICE_X1Y17          FDCE                                         r  overflow_flag_r3_reg/C
  -------------------------------------------------------------------    -------------------
    SLICE_X1Y17          FDCE (Prop_fdce_C_Q)         0.456     5.091 r  overflow_flag_r3_reg/Q
                         net (fo=1, routed)           1.714     6.805    overflow_flag_OBUF
    P18                  OBUF (Prop_obuf_I_O)         2.607     9.412 r  overflow_flag_OBUF_inst/O
                         net (fo=0)                   0.000     9.412    overflow_flag
    P18                                                               r  overflow_flag (OUT)
  -------------------------------------------------------------------    -------------------

                         (clock clk rise edge)       12.000    12.000 r  
                         clock pessimism              0.000    12.000    
                         clock uncertainty           -0.035    11.965    
                         output delay                -2.000     9.965    
  -------------------------------------------------------------------
                         required time                          9.965    
                         arrival time                          -9.412    
  -------------------------------------------------------------------
                         slack                                  0.553    

Slack (MET) :             0.606ns  (required time - arrival time)
  Source:                 result_r3_reg[4]/C
                            (rising edge-triggered cell FDCE clocked by clk  {rise@0.000ns fall@6.000ns period=12.000ns})
  Destination:            result[4]
                            (output port clocked by clk  {rise@0.000ns fall@6.000ns period=12.000ns})
  Path Group:             clk
  Path Type:              Max at Slow Process Corner
  Requirement:            12.000ns  (clk rise@12.000ns - clk rise@0.000ns)
  Data Path Delay:        4.724ns  (logic 3.191ns (67.550%)  route 1.533ns (32.450%))
  Logic Levels:           1  (OBUF=1)
  Output Delay:           2.000ns
  Clock Path Skew:        -4.635ns (DCD - SCD + CPR)
    Destination Clock Delay (DCD):    0.000ns = ( 12.000 - 12.000 ) 
    Source Clock Delay      (SCD):    4.635ns
    Clock Pessimism Removal (CPR):    0.000ns
  Clock Uncertainty:      0.035ns  ((TSJ^2 + TIJ^2)^1/2 + DJ) / 2 + PE
    Total System Jitter     (TSJ):    0.071ns
    Total Input Jitter      (TIJ):    0.000ns
    Discrete Jitter          (DJ):    0.000ns
    Phase Error              (PE):    0.000ns

    Location             Delay type                Incr(ns)  Path(ns)    Netlist Resource(s)
  -------------------------------------------------------------------    -------------------
                         (clock clk rise edge)        0.000     0.000 r  
    M18                                               0.000     0.000 r  clk (IN)
                         net (fo=0)                   0.000     0.000    clk
    M18                  IBUF (Prop_ibuf_I_O)         0.938     0.938 r  clk_IBUF_inst/O
                         net (fo=1, routed)           1.972     2.910    clk_IBUF
    BUFGCTRL_X0Y0        BUFG (Prop_bufg_I_O)         0.096     3.006 r  clk_IBUF_BUFG_inst/O
                         net (fo=23, routed)          1.629     4.635    clk_IBUF_BUFG
    SLICE_X1Y17          FDCE                                         r  result_r3_reg[4]/C
  -------------------------------------------------------------------    -------------------
    SLICE_X1Y17          FDCE (Prop_fdce_C_Q)         0.419     5.054 r  result_r3_reg[4]/Q
                         net (fo=1, routed)           1.533     6.587    result_OBUF[4]
    W19                  OBUF (Prop_obuf_I_O)         2.772     9.359 r  result_OBUF[4]_inst/O
                         net (fo=0)                   0.000     9.359    result[4]
    W19                                                               r  result[4] (OUT)
  -------------------------------------------------------------------    -------------------

                         (clock clk rise edge)       12.000    12.000 r  
                         clock pessimism              0.000    12.000    
                         clock uncertainty           -0.035    11.965    
                         output delay                -2.000     9.965    
  -------------------------------------------------------------------
                         required time                          9.965    
                         arrival time                          -9.359    
  -------------------------------------------------------------------
                         slack                                  0.606    

Slack (MET) :             0.607ns  (required time - arrival time)
  Source:                 result_r3_reg[0]/C
                            (rising edge-triggered cell FDCE clocked by clk  {rise@0.000ns fall@6.000ns period=12.000ns})
  Destination:            result[0]
                            (output port clocked by clk  {rise@0.000ns fall@6.000ns period=12.000ns})
  Path Group:             clk
  Path Type:              Max at Slow Process Corner
  Requirement:            12.000ns  (clk rise@12.000ns - clk rise@0.000ns)
  Data Path Delay:        4.717ns  (logic 3.045ns (64.554%)  route 1.672ns (35.446%))
  Logic Levels:           1  (OBUF=1)
  Output Delay:           2.000ns
  Clock Path Skew:        -4.641ns (DCD - SCD + CPR)
    Destination Clock Delay (DCD):    0.000ns = ( 12.000 - 12.000 ) 
    Source Clock Delay      (SCD):    4.641ns
    Clock Pessimism Removal (CPR):    0.000ns
  Clock Uncertainty:      0.035ns  ((TSJ^2 + TIJ^2)^1/2 + DJ) / 2 + PE
    Total System Jitter     (TSJ):    0.071ns
    Total Input Jitter      (TIJ):    0.000ns
    Discrete Jitter          (DJ):    0.000ns
    Phase Error              (PE):    0.000ns

    Location             Delay type                Incr(ns)  Path(ns)    Netlist Resource(s)
  -------------------------------------------------------------------    -------------------
                         (clock clk rise edge)        0.000     0.000 r  
    M18                                               0.000     0.000 r  clk (IN)
                         net (fo=0)                   0.000     0.000    clk
    M18                  IBUF (Prop_ibuf_I_O)         0.938     0.938 r  clk_IBUF_inst/O
                         net (fo=1, routed)           1.972     2.910    clk_IBUF
    BUFGCTRL_X0Y0        BUFG (Prop_bufg_I_O)         0.096     3.006 r  clk_IBUF_BUFG_inst/O
                         net (fo=23, routed)          1.635     4.641    clk_IBUF_BUFG
    SLICE_X1Y11          FDCE                                         r  result_r3_reg[0]/C
  -------------------------------------------------------------------    -------------------
    SLICE_X1Y11          FDCE (Prop_fdce_C_Q)         0.456     5.097 r  result_r3_reg[0]/Q
                         net (fo=1, routed)           1.672     6.769    result_OBUF[0]
    U18                  OBUF (Prop_obuf_I_O)         2.589     9.358 r  result_OBUF[0]_inst/O
                         net (fo=0)                   0.000     9.358    result[0]
    U18                                                               r  result[0] (OUT)
  -------------------------------------------------------------------    -------------------

                         (clock clk rise edge)       12.000    12.000 r  
                         clock pessimism              0.000    12.000    
                         clock uncertainty           -0.035    11.965    
                         output delay                -2.000     9.965    
  -------------------------------------------------------------------
                         required time                          9.965    
                         arrival time                          -9.358    
  -------------------------------------------------------------------
                         slack                                  0.607    

Slack (MET) :             0.741ns  (required time - arrival time)
  Source:                 result_r3_reg[2]/C
                            (rising edge-triggered cell FDCE clocked by clk  {rise@0.000ns fall@6.000ns period=12.000ns})
  Destination:            result[2]
                            (output port clocked by clk  {rise@0.000ns fall@6.000ns period=12.000ns})
  Path Group:             clk
  Path Type:              Max at Slow Process Corner
  Requirement:            12.000ns  (clk rise@12.000ns - clk rise@0.000ns)
  Data Path Delay:        4.587ns  (logic 3.058ns (66.656%)  route 1.530ns (33.344%))
  Logic Levels:           1  (OBUF=1)
  Output Delay:           2.000ns
  Clock Path Skew:        -4.637ns (DCD - SCD + CPR)
    Destination Clock Delay (DCD):    0.000ns = ( 12.000 - 12.000 ) 
    Source Clock Delay      (SCD):    4.637ns
    Clock Pessimism Removal (CPR):    0.000ns
  Clock Uncertainty:      0.035ns  ((TSJ^2 + TIJ^2)^1/2 + DJ) / 2 + PE
    Total System Jitter     (TSJ):    0.071ns
    Total Input Jitter      (TIJ):    0.000ns
    Discrete Jitter          (DJ):    0.000ns
    Phase Error              (PE):    0.000ns

    Location             Delay type                Incr(ns)  Path(ns)    Netlist Resource(s)
  -------------------------------------------------------------------    -------------------
                         (clock clk rise edge)        0.000     0.000 r  
    M18                                               0.000     0.000 r  clk (IN)
                         net (fo=0)                   0.000     0.000    clk
    M18                  IBUF (Prop_ibuf_I_O)         0.938     0.938 r  clk_IBUF_inst/O
                         net (fo=1, routed)           1.972     2.910    clk_IBUF
    BUFGCTRL_X0Y0        BUFG (Prop_bufg_I_O)         0.096     3.006 r  clk_IBUF_BUFG_inst/O
                         net (fo=23, routed)          1.631     4.637    clk_IBUF_BUFG
    SLICE_X1Y15          FDCE                                         r  result_r3_reg[2]/C
  -------------------------------------------------------------------    -------------------
    SLICE_X1Y15          FDCE (Prop_fdce_C_Q)         0.456     5.093 r  result_r3_reg[2]/Q
                         net (fo=1, routed)           1.530     6.622    result_OBUF[2]
    T18                  OBUF (Prop_obuf_I_O)         2.602     9.224 r  result_OBUF[2]_inst/O
                         net (fo=0)                   0.000     9.224    result[2]
    T18                                                               r  result[2] (OUT)
  -------------------------------------------------------------------    -------------------

                         (clock clk rise edge)       12.000    12.000 r  
                         clock pessimism              0.000    12.000    
                         clock uncertainty           -0.035    11.965    
                         output delay                -2.000     9.965    
  -------------------------------------------------------------------
                         required time                          9.965    
                         arrival time                          -9.224    
  -------------------------------------------------------------------
                         slack                                  0.741    

Slack (MET) :             0.744ns  (required time - arrival time)
  Source:                 result_r3_reg[3]/C
                            (rising edge-triggered cell FDCE clocked by clk  {rise@0.000ns fall@6.000ns period=12.000ns})
  Destination:            result[3]
                            (output port clocked by clk  {rise@0.000ns fall@6.000ns period=12.000ns})
  Path Group:             clk
  Path Type:              Max at Slow Process Corner
  Requirement:            12.000ns  (clk rise@12.000ns - clk rise@0.000ns)
  Data Path Delay:        4.584ns  (logic 3.055ns (66.637%)  route 1.530ns (33.363%))
  Logic Levels:           1  (OBUF=1)
  Output Delay:           2.000ns
  Clock Path Skew:        -4.636ns (DCD - SCD + CPR)
    Destination Clock Delay (DCD):    0.000ns = ( 12.000 - 12.000 ) 
    Source Clock Delay      (SCD):    4.636ns
    Clock Pessimism Removal (CPR):    0.000ns
  Clock Uncertainty:      0.035ns  ((TSJ^2 + TIJ^2)^1/2 + DJ) / 2 + PE
    Total System Jitter     (TSJ):    0.071ns
    Total Input Jitter      (TIJ):    0.000ns
    Discrete Jitter          (DJ):    0.000ns
    Phase Error              (PE):    0.000ns

    Location             Delay type                Incr(ns)  Path(ns)    Netlist Resource(s)
  -------------------------------------------------------------------    -------------------
                         (clock clk rise edge)        0.000     0.000 r  
    M18                                               0.000     0.000 r  clk (IN)
                         net (fo=0)                   0.000     0.000    clk
    M18                  IBUF (Prop_ibuf_I_O)         0.938     0.938 r  clk_IBUF_inst/O
                         net (fo=1, routed)           1.972     2.910    clk_IBUF
    BUFGCTRL_X0Y0        BUFG (Prop_bufg_I_O)         0.096     3.006 r  clk_IBUF_BUFG_inst/O
                         net (fo=23, routed)          1.630     4.636    clk_IBUF_BUFG
    SLICE_X1Y16          FDCE                                         r  result_r3_reg[3]/C
  -------------------------------------------------------------------    -------------------
    SLICE_X1Y16          FDCE (Prop_fdce_C_Q)         0.456     5.092 r  result_r3_reg[3]/Q
                         net (fo=1, routed)           1.530     6.621    result_OBUF[3]
    T17                  OBUF (Prop_obuf_I_O)         2.599     9.220 r  result_OBUF[3]_inst/O
                         net (fo=0)                   0.000     9.220    result[3]
    T17                                                               r  result[3] (OUT)
  -------------------------------------------------------------------    -------------------

                         (clock clk rise edge)       12.000    12.000 r  
                         clock pessimism              0.000    12.000    
                         clock uncertainty           -0.035    11.965    
                         output delay                -2.000     9.965    
  -------------------------------------------------------------------
                         required time                          9.965    
                         arrival time                          -9.220    
  -------------------------------------------------------------------
                         slack                                  0.744    

Slack (MET) :             0.745ns  (required time - arrival time)
  Source:                 result_r3_reg[5]/C
                            (rising edge-triggered cell FDCE clocked by clk  {rise@0.000ns fall@6.000ns period=12.000ns})
  Destination:            result[5]
                            (output port clocked by clk  {rise@0.000ns fall@6.000ns period=12.000ns})
  Path Group:             clk
  Path Type:              Max at Slow Process Corner
  Requirement:            12.000ns  (clk rise@12.000ns - clk rise@0.000ns)
  Data Path Delay:        4.587ns  (logic 3.058ns (66.656%)  route 1.530ns (33.344%))
  Logic Levels:           1  (OBUF=1)
  Output Delay:           2.000ns
  Clock Path Skew:        -4.633ns (DCD - SCD + CPR)
    Destination Clock Delay (DCD):    0.000ns = ( 12.000 - 12.000 ) 
    Source Clock Delay      (SCD):    4.633ns
    Clock Pessimism Removal (CPR):    0.000ns
  Clock Uncertainty:      0.035ns  ((TSJ^2 + TIJ^2)^1/2 + DJ) / 2 + PE
    Total System Jitter     (TSJ):    0.071ns
    Total Input Jitter      (TIJ):    0.000ns
    Discrete Jitter          (DJ):    0.000ns
    Phase Error              (PE):    0.000ns

    Location             Delay type                Incr(ns)  Path(ns)    Netlist Resource(s)
  -------------------------------------------------------------------    -------------------
                         (clock clk rise edge)        0.000     0.000 r  
    M18                                               0.000     0.000 r  clk (IN)
                         net (fo=0)                   0.000     0.000    clk
    M18                  IBUF (Prop_ibuf_I_O)         0.938     0.938 r  clk_IBUF_inst/O
                         net (fo=1, routed)           1.972     2.910    clk_IBUF
    BUFGCTRL_X0Y0        BUFG (Prop_bufg_I_O)         0.096     3.006 r  clk_IBUF_BUFG_inst/O
                         net (fo=23, routed)          1.627     4.633    clk_IBUF_BUFG
    SLICE_X1Y18          FDCE                                         r  result_r3_reg[5]/C
  -------------------------------------------------------------------    -------------------
    SLICE_X1Y18          FDCE (Prop_fdce_C_Q)         0.456     5.089 r  result_r3_reg[5]/Q
                         net (fo=1, routed)           1.530     6.618    result_OBUF[5]
    W18                  OBUF (Prop_obuf_I_O)         2.602     9.220 r  result_OBUF[5]_inst/O
                         net (fo=0)                   0.000     9.220    result[5]
    W18                                                               r  result[5] (OUT)
  -------------------------------------------------------------------    -------------------

                         (clock clk rise edge)       12.000    12.000 r  
                         clock pessimism              0.000    12.000    
                         clock uncertainty           -0.035    11.965    
                         output delay                -2.000     9.965    
  -------------------------------------------------------------------
                         required time                          9.965    
                         arrival time                          -9.220    
  -------------------------------------------------------------------
                         slack                                  0.745    

Slack (MET) :             0.745ns  (required time - arrival time)
  Source:                 result_r3_reg[6]/C
                            (rising edge-triggered cell FDCE clocked by clk  {rise@0.000ns fall@6.000ns period=12.000ns})
  Destination:            result[6]
                            (output port clocked by clk  {rise@0.000ns fall@6.000ns period=12.000ns})
  Path Group:             clk
  Path Type:              Max at Slow Process Corner
  Requirement:            12.000ns  (clk rise@12.000ns - clk rise@0.000ns)
  Data Path Delay:        4.588ns  (logic 3.058ns (66.659%)  route 1.530ns (33.341%))
  Logic Levels:           1  (OBUF=1)
  Output Delay:           2.000ns
  Clock Path Skew:        -4.632ns (DCD - SCD + CPR)
    Destination Clock Delay (DCD):    0.000ns = ( 12.000 - 12.000 ) 
    Source Clock Delay      (SCD):    4.632ns
    Clock Pessimism Removal (CPR):    0.000ns
  Clock Uncertainty:      0.035ns  ((TSJ^2 + TIJ^2)^1/2 + DJ) / 2 + PE
    Total System Jitter     (TSJ):    0.071ns
    Total Input Jitter      (TIJ):    0.000ns
    Discrete Jitter          (DJ):    0.000ns
    Phase Error              (PE):    0.000ns

    Location             Delay type                Incr(ns)  Path(ns)    Netlist Resource(s)
  -------------------------------------------------------------------    -------------------
                         (clock clk rise edge)        0.000     0.000 r  
    M18                                               0.000     0.000 r  clk (IN)
                         net (fo=0)                   0.000     0.000    clk
    M18                  IBUF (Prop_ibuf_I_O)         0.938     0.938 r  clk_IBUF_inst/O
                         net (fo=1, routed)           1.972     2.910    clk_IBUF
    BUFGCTRL_X0Y0        BUFG (Prop_bufg_I_O)         0.096     3.006 r  clk_IBUF_BUFG_inst/O
                         net (fo=23, routed)          1.626     4.632    clk_IBUF_BUFG
    SLICE_X1Y19          FDCE                                         r  result_r3_reg[6]/C
  -------------------------------------------------------------------    -------------------
    SLICE_X1Y19          FDCE (Prop_fdce_C_Q)         0.456     5.088 r  result_r3_reg[6]/Q
                         net (fo=1, routed)           1.530     6.617    result_OBUF[6]
    V19                  OBUF (Prop_obuf_I_O)         2.602     9.219 r  result_OBUF[6]_inst/O
                         net (fo=0)                   0.000     9.219    result[6]
    V19                                                               r  result[6] (OUT)
  -------------------------------------------------------------------    -------------------

                         (clock clk rise edge)       12.000    12.000 r  
                         clock pessimism              0.000    12.000    
                         clock uncertainty           -0.035    11.965    
                         output delay                -2.000     9.965    
  -------------------------------------------------------------------
                         required time                          9.965    
                         arrival time                          -9.219    
  -------------------------------------------------------------------
                         slack                                  0.745    

Slack (MET) :             0.754ns  (required time - arrival time)
  Source:                 result_r3_reg[7]/C
                            (rising edge-triggered cell FDCE clocked by clk  {rise@0.000ns fall@6.000ns period=12.000ns})
  Destination:            result[7]
                            (output port clocked by clk  {rise@0.000ns fall@6.000ns period=12.000ns})
  Path Group:             clk
  Path Type:              Max at Slow Process Corner
  Requirement:            12.000ns  (clk rise@12.000ns - clk rise@0.000ns)
  Data Path Delay:        4.579ns  (logic 3.050ns (66.600%)  route 1.530ns (33.400%))
  Logic Levels:           1  (OBUF=1)
  Output Delay:           2.000ns
  Clock Path Skew:        -4.631ns (DCD - SCD + CPR)
    Destination Clock Delay (DCD):    0.000ns = ( 12.000 - 12.000 ) 
    Source Clock Delay      (SCD):    4.631ns
    Clock Pessimism Removal (CPR):    0.000ns
  Clock Uncertainty:      0.035ns  ((TSJ^2 + TIJ^2)^1/2 + DJ) / 2 + PE
    Total System Jitter     (TSJ):    0.071ns
    Total Input Jitter      (TIJ):    0.000ns
    Discrete Jitter          (DJ):    0.000ns
    Phase Error              (PE):    0.000ns

    Location             Delay type                Incr(ns)  Path(ns)    Netlist Resource(s)
  -------------------------------------------------------------------    -------------------
                         (clock clk rise edge)        0.000     0.000 r  
    M18                                               0.000     0.000 r  clk (IN)
                         net (fo=0)                   0.000     0.000    clk
    M18                  IBUF (Prop_ibuf_I_O)         0.938     0.938 r  clk_IBUF_inst/O
                         net (fo=1, routed)           1.972     2.910    clk_IBUF
    BUFGCTRL_X0Y0        BUFG (Prop_bufg_I_O)         0.096     3.006 r  clk_IBUF_BUFG_inst/O
                         net (fo=23, routed)          1.625     4.631    clk_IBUF_BUFG
    SLICE_X1Y20          FDCE                                         r  result_r3_reg[7]/C
  -------------------------------------------------------------------    -------------------
    SLICE_X1Y20          FDCE (Prop_fdce_C_Q)         0.456     5.087 r  result_r3_reg[7]/Q
                         net (fo=1, routed)           1.530     6.616    result_OBUF[7]
    U19                  OBUF (Prop_obuf_I_O)         2.594     9.210 r  result_OBUF[7]_inst/O
                         net (fo=0)                   0.000     9.210    result[7]
    U19                                                               r  result[7] (OUT)
  -------------------------------------------------------------------    -------------------

                         (clock clk rise edge)       12.000    12.000 r  
                         clock pessimism              0.000    12.000    
                         clock uncertainty           -0.035    11.965    
                         output delay                -2.000     9.965    
  -------------------------------------------------------------------
                         required time                          9.965    
                         arrival time                          -9.210    
  -------------------------------------------------------------------
                         slack                                  0.754    

Slack (MET) :             0.756ns  (required time - arrival time)
  Source:                 div_by_zero_flag_r3_reg/C
                            (rising edge-triggered cell FDCE clocked by clk  {rise@0.000ns fall@6.000ns period=12.000ns})
  Destination:            div_by_zero_flag
                            (output port clocked by clk  {rise@0.000ns fall@6.000ns period=12.000ns})
  Path Group:             clk
  Path Type:              Max at Slow Process Corner
  Requirement:            12.000ns  (clk rise@12.000ns - clk rise@0.000ns)
  Data Path Delay:        4.579ns  (logic 3.049ns (66.597%)  route 1.530ns (33.403%))
  Logic Levels:           1  (OBUF=1)
  Output Delay:           2.000ns
  Clock Path Skew:        -4.630ns (DCD - SCD + CPR)
    Destination Clock Delay (DCD):    0.000ns = ( 12.000 - 12.000 ) 
    Source Clock Delay      (SCD):    4.630ns
    Clock Pessimism Removal (CPR):    0.000ns
  Clock Uncertainty:      0.035ns  ((TSJ^2 + TIJ^2)^1/2 + DJ) / 2 + PE
    Total System Jitter     (TSJ):    0.071ns
    Total Input Jitter      (TIJ):    0.000ns
    Discrete Jitter          (DJ):    0.000ns
    Phase Error              (PE):    0.000ns

    Location             Delay type                Incr(ns)  Path(ns)    Netlist Resource(s)
  -------------------------------------------------------------------    -------------------
                         (clock clk rise edge)        0.000     0.000 r  
    M18                                               0.000     0.000 r  clk (IN)
                         net (fo=0)                   0.000     0.000    clk
    M18                  IBUF (Prop_ibuf_I_O)         0.938     0.938 r  clk_IBUF_inst/O
                         net (fo=1, routed)           1.972     2.910    clk_IBUF
    BUFGCTRL_X0Y0        BUFG (Prop_bufg_I_O)         0.096     3.006 r  clk_IBUF_BUFG_inst/O
                         net (fo=23, routed)          1.624     4.630    clk_IBUF_BUFG
    SLICE_X1Y21          FDCE                                         r  div_by_zero_flag_r3_reg/C
  -------------------------------------------------------------------    -------------------
    SLICE_X1Y21          FDCE (Prop_fdce_C_Q)         0.456     5.086 r  div_by_zero_flag_r3_reg/Q
                         net (fo=1, routed)           1.530     6.615    div_by_zero_flag_OBUF
    R18                  OBUF (Prop_obuf_I_O)         2.593     9.209 r  div_by_zero_flag_OBUF_inst/O
                         net (fo=0)                   0.000     9.209    div_by_zero_flag
    R18                                                               r  div_by_zero_flag (OUT)
  -------------------------------------------------------------------    -------------------

                         (clock clk rise edge)       12.000    12.000 r  
                         clock pessimism              0.000    12.000    
                         clock uncertainty           -0.035    11.965    
                         output delay                -2.000     9.965    
  -------------------------------------------------------------------
                         required time                          9.965    
                         arrival time                          -9.209    
  -------------------------------------------------------------------
                         slack                                  0.756    





Min Delay Paths
--------------------------------------------------------------------------------------
Slack (MET) :             0.238ns  (arrival time - required time)
  Source:                 sel_r_reg[3]/C
                            (rising edge-triggered cell FDCE clocked by clk  {rise@0.000ns fall@6.000ns period=12.000ns})
  Destination:            result_r3_reg[0]/D
                            (rising edge-triggered cell FDCE clocked by clk  {rise@0.000ns fall@6.000ns period=12.000ns})
  Path Group:             clk
  Path Type:              Hold (Min at Fast Process Corner)
  Requirement:            0.000ns  (clk rise@0.000ns - clk rise@0.000ns)
  Data Path Delay:        0.356ns  (logic 0.226ns (63.449%)  route 0.130ns (36.551%))
  Logic Levels:           1  (MUXF7=1)
  Clock Path Skew:        0.013ns (DCD - SCD - CPR)
    Destination Clock Delay (DCD):    1.937ns
    Source Clock Delay      (SCD):    1.420ns
    Clock Pessimism Removal (CPR):    0.504ns

    Location             Delay type                Incr(ns)  Path(ns)    Netlist Resource(s)
  -------------------------------------------------------------------    -------------------
                         (clock clk rise edge)        0.000     0.000 r  
    M18                                               0.000     0.000 r  clk (IN)
                         net (fo=0)                   0.000     0.000    clk
    M18                  IBUF (Prop_ibuf_I_O)         0.167     0.167 r  clk_IBUF_inst/O
                         net (fo=1, routed)           0.634     0.801    clk_IBUF
    BUFGCTRL_X0Y0        BUFG (Prop_bufg_I_O)         0.026     0.827 r  clk_IBUF_BUFG_inst/O
                         net (fo=23, routed)          0.593     1.420    clk_IBUF_BUFG
    SLICE_X0Y11          FDCE                                         r  sel_r_reg[3]/C
  -------------------------------------------------------------------    -------------------
    SLICE_X0Y11          FDCE (Prop_fdce_C_Q)         0.141     1.561 r  sel_r_reg[3]/Q
                         net (fo=11, routed)          0.130     1.691    sel0[7]
    SLICE_X1Y11          MUXF7 (Prop_muxf7_S_O)       0.085     1.776 r  result_r3_reg[0]_i_1/O
                         net (fo=1, routed)           0.000     1.776    alu_out[0]
    SLICE_X1Y11          FDCE                                         r  result_r3_reg[0]/D
  -------------------------------------------------------------------    -------------------

                         (clock clk rise edge)        0.000     0.000 r  
    M18                                               0.000     0.000 r  clk (IN)
                         net (fo=0)                   0.000     0.000    clk
    M18                  IBUF (Prop_ibuf_I_O)         0.356     0.356 r  clk_IBUF_inst/O
                         net (fo=1, routed)           0.689     1.044    clk_IBUF
    BUFGCTRL_X0Y0        BUFG (Prop_bufg_I_O)         0.029     1.073 r  clk_IBUF_BUFG_inst/O
                         net (fo=23, routed)          0.864     1.937    clk_IBUF_BUFG
    SLICE_X1Y11          FDCE                                         r  result_r3_reg[0]/C
                         clock pessimism             -0.504     1.433    
    SLICE_X1Y11          FDCE (Hold_fdce_C_D)         0.105     1.538    result_r3_reg[0]
  -------------------------------------------------------------------
                         required time                         -1.538    
                         arrival time                           1.776    
  -------------------------------------------------------------------
                         slack                                  0.238    

Slack (MET) :             0.317ns  (arrival time - required time)
  Source:                 sel_r_reg[3]/C
                            (rising edge-triggered cell FDCE clocked by clk  {rise@0.000ns fall@6.000ns period=12.000ns})
  Destination:            result_r3_reg[1]/D
                            (rising edge-triggered cell FDCE clocked by clk  {rise@0.000ns fall@6.000ns period=12.000ns})
  Path Group:             clk
  Path Type:              Hold (Min at Fast Process Corner)
  Requirement:            0.000ns  (clk rise@0.000ns - clk rise@0.000ns)
  Data Path Delay:        0.422ns  (logic 0.226ns (53.514%)  route 0.196ns (46.486%))
  Logic Levels:           1  (MUXF7=1)
  Clock Path Skew:        0.000ns (DCD - SCD - CPR)
    Destination Clock Delay (DCD):    1.937ns
    Source Clock Delay      (SCD):    1.420ns
    Clock Pessimism Removal (CPR):    0.517ns

    Location             Delay type                Incr(ns)  Path(ns)    Netlist Resource(s)
  -------------------------------------------------------------------    -------------------
                         (clock clk rise edge)        0.000     0.000 r  
    M18                                               0.000     0.000 r  clk (IN)
                         net (fo=0)                   0.000     0.000    clk
    M18                  IBUF (Prop_ibuf_I_O)         0.167     0.167 r  clk_IBUF_inst/O
                         net (fo=1, routed)           0.634     0.801    clk_IBUF
    BUFGCTRL_X0Y0        BUFG (Prop_bufg_I_O)         0.026     0.827 r  clk_IBUF_BUFG_inst/O
                         net (fo=23, routed)          0.593     1.420    clk_IBUF_BUFG
    SLICE_X0Y11          FDCE                                         r  sel_r_reg[3]/C
  -------------------------------------------------------------------    -------------------
    SLICE_X0Y11          FDCE (Prop_fdce_C_Q)         0.141     1.561 r  sel_r_reg[3]/Q
                         net (fo=11, routed)          0.196     1.757    sel0[7]
    SLICE_X0Y11          MUXF7 (Prop_muxf7_S_O)       0.085     1.842 r  result_r3_reg[1]_i_1/O
                         net (fo=1, routed)           0.000     1.842    alu_out[1]
    SLICE_X0Y11          FDCE                                         r  result_r3_reg[1]/D
  -------------------------------------------------------------------    -------------------

                         (clock clk rise edge)        0.000     0.000 r  
    M18                                               0.000     0.000 r  clk (IN)
                         net (fo=0)                   0.000     0.000    clk
    M18                  IBUF (Prop_ibuf_I_O)         0.356     0.356 r  clk_IBUF_inst/O
                         net (fo=1, routed)           0.689     1.044    clk_IBUF
    BUFGCTRL_X0Y0        BUFG (Prop_bufg_I_O)         0.029     1.073 r  clk_IBUF_BUFG_inst/O
                         net (fo=23, routed)          0.864     1.937    clk_IBUF_BUFG
    SLICE_X0Y11          FDCE                                         r  result_r3_reg[1]/C
                         clock pessimism             -0.517     1.420    
    SLICE_X0Y11          FDCE (Hold_fdce_C_D)         0.105     1.525    result_r3_reg[1]
  -------------------------------------------------------------------
                         required time                         -1.525    
                         arrival time                           1.842    
  -------------------------------------------------------------------
                         slack                                  0.317    

Slack (MET) :             0.368ns  (arrival time - required time)
  Source:                 sel_r_reg[3]/C
                            (rising edge-triggered cell FDCE clocked by clk  {rise@0.000ns fall@6.000ns period=12.000ns})
  Destination:            result_r3_reg[2]/D
                            (rising edge-triggered cell FDCE clocked by clk  {rise@0.000ns fall@6.000ns period=12.000ns})
  Path Group:             clk
  Path Type:              Hold (Min at Fast Process Corner)
  Requirement:            0.000ns  (clk rise@0.000ns - clk rise@0.000ns)
  Data Path Delay:        0.485ns  (logic 0.226ns (46.642%)  route 0.259ns (53.358%))
  Logic Levels:           1  (MUXF7=1)
  Clock Path Skew:        0.012ns (DCD - SCD - CPR)
    Destination Clock Delay (DCD):    1.933ns
    Source Clock Delay      (SCD):    1.420ns
    Clock Pessimism Removal (CPR):    0.501ns

    Location             Delay type                Incr(ns)  Path(ns)    Netlist Resource(s)
  -------------------------------------------------------------------    -------------------
                         (clock clk rise edge)        0.000     0.000 r  
    M18                                               0.000     0.000 r  clk (IN)
                         net (fo=0)                   0.000     0.000    clk
    M18                  IBUF (Prop_ibuf_I_O)         0.167     0.167 r  clk_IBUF_inst/O
                         net (fo=1, routed)           0.634     0.801    clk_IBUF
    BUFGCTRL_X0Y0        BUFG (Prop_bufg_I_O)         0.026     0.827 r  clk_IBUF_BUFG_inst/O
                         net (fo=23, routed)          0.593     1.420    clk_IBUF_BUFG
    SLICE_X0Y11          FDCE                                         r  sel_r_reg[3]/C
  -------------------------------------------------------------------    -------------------
    SLICE_X0Y11          FDCE (Prop_fdce_C_Q)         0.141     1.561 r  sel_r_reg[3]/Q
                         net (fo=11, routed)          0.259     1.819    sel0[7]
    SLICE_X1Y15          MUXF7 (Prop_muxf7_S_O)       0.085     1.904 r  result_r3_reg[2]_i_1/O
                         net (fo=1, routed)           0.000     1.904    alu_out[2]
    SLICE_X1Y15          FDCE                                         r  result_r3_reg[2]/D
  -------------------------------------------------------------------    -------------------

                         (clock clk rise edge)        0.000     0.000 r  
    M18                                               0.000     0.000 r  clk (IN)
                         net (fo=0)                   0.000     0.000    clk
    M18                  IBUF (Prop_ibuf_I_O)         0.356     0.356 r  clk_IBUF_inst/O
                         net (fo=1, routed)           0.689     1.044    clk_IBUF
    BUFGCTRL_X0Y0        BUFG (Prop_bufg_I_O)         0.029     1.073 r  clk_IBUF_BUFG_inst/O
                         net (fo=23, routed)          0.860     1.933    clk_IBUF_BUFG
    SLICE_X1Y15          FDCE                                         r  result_r3_reg[2]/C
                         clock pessimism             -0.501     1.432    
    SLICE_X1Y15          FDCE (Hold_fdce_C_D)         0.105     1.537    result_r3_reg[2]
  -------------------------------------------------------------------
                         required time                         -1.537    
                         arrival time                           1.904    
  -------------------------------------------------------------------
                         slack                                  0.368    

Slack (MET) :             0.423ns  (arrival time - required time)
  Source:                 sel_r_reg[3]/C
                            (rising edge-triggered cell FDCE clocked by clk  {rise@0.000ns fall@6.000ns period=12.000ns})
  Destination:            result_r3_reg[3]/D
                            (rising edge-triggered cell FDCE clocked by clk  {rise@0.000ns fall@6.000ns period=12.000ns})
  Path Group:             clk
  Path Type:              Hold (Min at Fast Process Corner)
  Requirement:            0.000ns  (clk rise@0.000ns - clk rise@0.000ns)
  Data Path Delay:        0.539ns  (logic 0.226ns (41.897%)  route 0.313ns (58.103%))
  Logic Levels:           1  (MUXF7=1)
  Clock Path Skew:        0.011ns (DCD - SCD - CPR)
    Destination Clock Delay (DCD):    1.932ns
    Source Clock Delay      (SCD):    1.420ns
    Clock Pessimism Removal (CPR):    0.501ns

    Location             Delay type                Incr(ns)  Path(ns)    Netlist Resource(s)
  -------------------------------------------------------------------    -------------------
                         (clock clk rise edge)        0.000     0.000 r  
    M18                                               0.000     0.000 r  clk (IN)
                         net (fo=0)                   0.000     0.000    clk
    M18                  IBUF (Prop_ibuf_I_O)         0.167     0.167 r  clk_IBUF_inst/O
                         net (fo=1, routed)           0.634     0.801    clk_IBUF
    BUFGCTRL_X0Y0        BUFG (Prop_bufg_I_O)         0.026     0.827 r  clk_IBUF_BUFG_inst/O
                         net (fo=23, routed)          0.593     1.420    clk_IBUF_BUFG
    SLICE_X0Y11          FDCE                                         r  sel_r_reg[3]/C
  -------------------------------------------------------------------    -------------------
    SLICE_X0Y11          FDCE (Prop_fdce_C_Q)         0.141     1.561 r  sel_r_reg[3]/Q
                         net (fo=11, routed)          0.313     1.874    sel0[7]
    SLICE_X1Y16          MUXF7 (Prop_muxf7_S_O)       0.085     1.959 r  result_r3_reg[3]_i_1/O
                         net (fo=1, routed)           0.000     1.959    alu_out[3]
    SLICE_X1Y16          FDCE                                         r  result_r3_reg[3]/D
  -------------------------------------------------------------------    -------------------

                         (clock clk rise edge)        0.000     0.000 r  
    M18                                               0.000     0.000 r  clk (IN)
                         net (fo=0)                   0.000     0.000    clk
    M18                  IBUF (Prop_ibuf_I_O)         0.356     0.356 r  clk_IBUF_inst/O
                         net (fo=1, routed)           0.689     1.044    clk_IBUF
    BUFGCTRL_X0Y0        BUFG (Prop_bufg_I_O)         0.029     1.073 r  clk_IBUF_BUFG_inst/O
                         net (fo=23, routed)          0.859     1.932    clk_IBUF_BUFG
    SLICE_X1Y16          FDCE                                         r  result_r3_reg[3]/C
                         clock pessimism             -0.501     1.431    
    SLICE_X1Y16          FDCE (Hold_fdce_C_D)         0.105     1.536    result_r3_reg[3]
  -------------------------------------------------------------------
                         required time                         -1.536    
                         arrival time                           1.959    
  -------------------------------------------------------------------
                         slack                                  0.423    

Slack (MET) :             0.483ns  (arrival time - required time)
  Source:                 sel_r_reg[3]/C
                            (rising edge-triggered cell FDCE clocked by clk  {rise@0.000ns fall@6.000ns period=12.000ns})
  Destination:            result_r3_reg[4]/D
                            (rising edge-triggered cell FDCE clocked by clk  {rise@0.000ns fall@6.000ns period=12.000ns})
  Path Group:             clk
  Path Type:              Hold (Min at Fast Process Corner)
  Requirement:            0.000ns  (clk rise@0.000ns - clk rise@0.000ns)
  Data Path Delay:        0.600ns  (logic 0.192ns (32.025%)  route 0.408ns (67.975%))
  Logic Levels:           1  (LUT5=1)
  Clock Path Skew:        0.010ns (DCD - SCD - CPR)
    Destination Clock Delay (DCD):    1.931ns
    Source Clock Delay      (SCD):    1.420ns
    Clock Pessimism Removal (CPR):    0.501ns

    Location             Delay type                Incr(ns)  Path(ns)    Netlist Resource(s)
  -------------------------------------------------------------------    -------------------
                         (clock clk rise edge)        0.000     0.000 r  
    M18                                               0.000     0.000 r  clk (IN)
                         net (fo=0)                   0.000     0.000    clk
    M18                  IBUF (Prop_ibuf_I_O)         0.167     0.167 r  clk_IBUF_inst/O
                         net (fo=1, routed)           0.634     0.801    clk_IBUF
    BUFGCTRL_X0Y0        BUFG (Prop_bufg_I_O)         0.026     0.827 r  clk_IBUF_BUFG_inst/O
                         net (fo=23, routed)          0.593     1.420    clk_IBUF_BUFG
    SLICE_X0Y11          FDCE                                         r  sel_r_reg[3]/C
  -------------------------------------------------------------------    -------------------
    SLICE_X0Y11          FDCE (Prop_fdce_C_Q)         0.141     1.561 f  sel_r_reg[3]/Q
                         net (fo=11, routed)          0.408     1.968    sel0[7]
    SLICE_X1Y17          LUT5 (Prop_lut5_I4_O)        0.051     2.019 r  result_r3[4]_i_1/O
                         net (fo=1, routed)           0.000     2.019    alu_out[4]
    SLICE_X1Y17          FDCE                                         r  result_r3_reg[4]/D
  -------------------------------------------------------------------    -------------------

                         (clock clk rise edge)        0.000     0.000 r  
    M18                                               0.000     0.000 r  clk (IN)
                         net (fo=0)                   0.000     0.000    clk
    M18                  IBUF (Prop_ibuf_I_O)         0.356     0.356 r  clk_IBUF_inst/O
                         net (fo=1, routed)           0.689     1.044    clk_IBUF
    BUFGCTRL_X0Y0        BUFG (Prop_bufg_I_O)         0.029     1.073 r  clk_IBUF_BUFG_inst/O
                         net (fo=23, routed)          0.858     1.931    clk_IBUF_BUFG
    SLICE_X1Y17          FDCE                                         r  result_r3_reg[4]/C
                         clock pessimism             -0.501     1.430    
    SLICE_X1Y17          FDCE (Hold_fdce_C_D)         0.107     1.537    result_r3_reg[4]
  -------------------------------------------------------------------
                         required time                         -1.537    
                         arrival time                           2.019    
  -------------------------------------------------------------------
                         slack                                  0.483    

Slack (MET) :             0.492ns  (arrival time - required time)
  Source:                 sel_r_reg[3]/C
                            (rising edge-triggered cell FDCE clocked by clk  {rise@0.000ns fall@6.000ns period=12.000ns})
  Destination:            overflow_flag_r3_reg/D
                            (rising edge-triggered cell FDCE clocked by clk  {rise@0.000ns fall@6.000ns period=12.000ns})
  Path Group:             clk
  Path Type:              Hold (Min at Fast Process Corner)
  Requirement:            0.000ns  (clk rise@0.000ns - clk rise@0.000ns)
  Data Path Delay:        0.594ns  (logic 0.186ns (31.338%)  route 0.408ns (68.662%))
  Logic Levels:           1  (LUT4=1)
  Clock Path Skew:        0.010ns (DCD - SCD - CPR)
    Destination Clock Delay (DCD):    1.931ns
    Source Clock Delay      (SCD):    1.420ns
    Clock Pessimism Removal (CPR):    0.501ns

    Location             Delay type                Incr(ns)  Path(ns)    Netlist Resource(s)
  -------------------------------------------------------------------    -------------------
                         (clock clk rise edge)        0.000     0.000 r  
    M18                                               0.000     0.000 r  clk (IN)
                         net (fo=0)                   0.000     0.000    clk
    M18                  IBUF (Prop_ibuf_I_O)         0.167     0.167 r  clk_IBUF_inst/O
                         net (fo=1, routed)           0.634     0.801    clk_IBUF
    BUFGCTRL_X0Y0        BUFG (Prop_bufg_I_O)         0.026     0.827 r  clk_IBUF_BUFG_inst/O
                         net (fo=23, routed)          0.593     1.420    clk_IBUF_BUFG
    SLICE_X0Y11          FDCE                                         r  sel_r_reg[3]/C
  -------------------------------------------------------------------    -------------------
    SLICE_X0Y11          FDCE (Prop_fdce_C_Q)         0.141     1.561 f  sel_r_reg[3]/Q
                         net (fo=11, routed)          0.408     1.968    sel0[7]
    SLICE_X1Y17          LUT4 (Prop_lut4_I3_O)        0.045     2.013 r  overflow_flag_r3_i_1/O
                         net (fo=1, routed)           0.000     2.013    ovf_flag
    SLICE_X1Y17          FDCE                                         r  overflow_flag_r3_reg/D
  -------------------------------------------------------------------    -------------------

                         (clock clk rise edge)        0.000     0.000 r  
    M18                                               0.000     0.000 r  clk (IN)
                         net (fo=0)                   0.000     0.000    clk
    M18                  IBUF (Prop_ibuf_I_O)         0.356     0.356 r  clk_IBUF_inst/O
                         net (fo=1, routed)           0.689     1.044    clk_IBUF
    BUFGCTRL_X0Y0        BUFG (Prop_bufg_I_O)         0.029     1.073 r  clk_IBUF_BUFG_inst/O
                         net (fo=23, routed)          0.858     1.931    clk_IBUF_BUFG
    SLICE_X1Y17          FDCE                                         r  overflow_flag_r3_reg/C
                         clock pessimism             -0.501     1.430    
    SLICE_X1Y17          FDCE (Hold_fdce_C_D)         0.092     1.522    overflow_flag_r3_reg
  -------------------------------------------------------------------
                         required time                         -1.522    
                         arrival time                           2.013    
  -------------------------------------------------------------------
                         slack                                  0.492    

Slack (MET) :             0.620ns  (arrival time - required time)
  Source:                 sel_r_reg[3]/C
                            (rising edge-triggered cell FDCE clocked by clk  {rise@0.000ns fall@6.000ns period=12.000ns})
  Destination:            result_r3_reg[6]/D
                            (rising edge-triggered cell FDCE clocked by clk  {rise@0.000ns fall@6.000ns period=12.000ns})
  Path Group:             clk
  Path Type:              Hold (Min at Fast Process Corner)
  Requirement:            0.000ns  (clk rise@0.000ns - clk rise@0.000ns)
  Data Path Delay:        0.719ns  (logic 0.186ns (25.856%)  route 0.533ns (74.144%))
  Logic Levels:           1  (LUT5=1)
  Clock Path Skew:        0.008ns (DCD - SCD - CPR)
    Destination Clock Delay (DCD):    1.929ns
    Source Clock Delay      (SCD):    1.420ns
    Clock Pessimism Removal (CPR):    0.501ns

    Location             Delay type                Incr(ns)  Path(ns)    Netlist Resource(s)
  -------------------------------------------------------------------    -------------------
                         (clock clk rise edge)        0.000     0.000 r  
    M18                                               0.000     0.000 r  clk (IN)
                         net (fo=0)                   0.000     0.000    clk
    M18                  IBUF (Prop_ibuf_I_O)         0.167     0.167 r  clk_IBUF_inst/O
                         net (fo=1, routed)           0.634     0.801    clk_IBUF
    BUFGCTRL_X0Y0        BUFG (Prop_bufg_I_O)         0.026     0.827 r  clk_IBUF_BUFG_inst/O
                         net (fo=23, routed)          0.593     1.420    clk_IBUF_BUFG
    SLICE_X0Y11          FDCE                                         r  sel_r_reg[3]/C
  -------------------------------------------------------------------    -------------------
    SLICE_X0Y11          FDCE (Prop_fdce_C_Q)         0.141     1.561 f  sel_r_reg[3]/Q
                         net (fo=11, routed)          0.533     2.094    sel0[7]
    SLICE_X1Y19          LUT5 (Prop_lut5_I4_O)        0.045     2.139 r  result_r3[6]_i_1/O
                         net (fo=1, routed)           0.000     2.139    alu_out[6]
    SLICE_X1Y19          FDCE                                         r  result_r3_reg[6]/D
  -------------------------------------------------------------------    -------------------

                         (clock clk rise edge)        0.000     0.000 r  
    M18                                               0.000     0.000 r  clk (IN)
                         net (fo=0)                   0.000     0.000    clk
    M18                  IBUF (Prop_ibuf_I_O)         0.356     0.356 r  clk_IBUF_inst/O
                         net (fo=1, routed)           0.689     1.044    clk_IBUF
    BUFGCTRL_X0Y0        BUFG (Prop_bufg_I_O)         0.029     1.073 r  clk_IBUF_BUFG_inst/O
                         net (fo=23, routed)          0.856     1.929    clk_IBUF_BUFG
    SLICE_X1Y19          FDCE                                         r  result_r3_reg[6]/C
                         clock pessimism             -0.501     1.428    
    SLICE_X1Y19          FDCE (Hold_fdce_C_D)         0.091     1.519    result_r3_reg[6]
  -------------------------------------------------------------------
                         required time                         -1.519    
                         arrival time                           2.139    
  -------------------------------------------------------------------
                         slack                                  0.620    

Slack (MET) :             0.693ns  (arrival time - required time)
  Source:                 sel_r_reg[3]/C
                            (rising edge-triggered cell FDCE clocked by clk  {rise@0.000ns fall@6.000ns period=12.000ns})
  Destination:            result_r3_reg[5]/D
                            (rising edge-triggered cell FDCE clocked by clk  {rise@0.000ns fall@6.000ns period=12.000ns})
  Path Group:             clk
  Path Type:              Hold (Min at Fast Process Corner)
  Requirement:            0.000ns  (clk rise@0.000ns - clk rise@0.000ns)
  Data Path Delay:        0.793ns  (logic 0.186ns (23.442%)  route 0.607ns (76.558%))
  Logic Levels:           1  (LUT5=1)
  Clock Path Skew:        0.009ns (DCD - SCD - CPR)
    Destination Clock Delay (DCD):    1.930ns
    Source Clock Delay      (SCD):    1.420ns
    Clock Pessimism Removal (CPR):    0.501ns

    Location             Delay type                Incr(ns)  Path(ns)    Netlist Resource(s)
  -------------------------------------------------------------------    -------------------
                         (clock clk rise edge)        0.000     0.000 r  
    M18                                               0.000     0.000 r  clk (IN)
                         net (fo=0)                   0.000     0.000    clk
    M18                  IBUF (Prop_ibuf_I_O)         0.167     0.167 r  clk_IBUF_inst/O
                         net (fo=1, routed)           0.634     0.801    clk_IBUF
    BUFGCTRL_X0Y0        BUFG (Prop_bufg_I_O)         0.026     0.827 r  clk_IBUF_BUFG_inst/O
                         net (fo=23, routed)          0.593     1.420    clk_IBUF_BUFG
    SLICE_X0Y11          FDCE                                         r  sel_r_reg[3]/C
  -------------------------------------------------------------------    -------------------
    SLICE_X0Y11          FDCE (Prop_fdce_C_Q)         0.141     1.561 f  sel_r_reg[3]/Q
                         net (fo=11, routed)          0.607     2.168    sel0[7]
    SLICE_X1Y18          LUT5 (Prop_lut5_I4_O)        0.045     2.213 r  result_r3[5]_i_1/O
                         net (fo=1, routed)           0.000     2.213    alu_out[5]
    SLICE_X1Y18          FDCE                                         r  result_r3_reg[5]/D
  -------------------------------------------------------------------    -------------------

                         (clock clk rise edge)        0.000     0.000 r  
    M18                                               0.000     0.000 r  clk (IN)
                         net (fo=0)                   0.000     0.000    clk
    M18                  IBUF (Prop_ibuf_I_O)         0.356     0.356 r  clk_IBUF_inst/O
                         net (fo=1, routed)           0.689     1.044    clk_IBUF
    BUFGCTRL_X0Y0        BUFG (Prop_bufg_I_O)         0.029     1.073 r  clk_IBUF_BUFG_inst/O
                         net (fo=23, routed)          0.857     1.930    clk_IBUF_BUFG
    SLICE_X1Y18          FDCE                                         r  result_r3_reg[5]/C
                         clock pessimism             -0.501     1.429    
    SLICE_X1Y18          FDCE (Hold_fdce_C_D)         0.091     1.520    result_r3_reg[5]
  -------------------------------------------------------------------
                         required time                         -1.520    
                         arrival time                           2.213    
  -------------------------------------------------------------------
                         slack                                  0.693    

Slack (MET) :             0.739ns  (arrival time - required time)
  Source:                 sel_r_reg[3]/C
                            (rising edge-triggered cell FDCE clocked by clk  {rise@0.000ns fall@6.000ns period=12.000ns})
  Destination:            result_r3_reg[7]/D
                            (rising edge-triggered cell FDCE clocked by clk  {rise@0.000ns fall@6.000ns period=12.000ns})
  Path Group:             clk
  Path Type:              Hold (Min at Fast Process Corner)
  Requirement:            0.000ns  (clk rise@0.000ns - clk rise@0.000ns)
  Data Path Delay:        0.837ns  (logic 0.186ns (22.215%)  route 0.651ns (77.785%))
  Logic Levels:           1  (LUT5=1)
  Clock Path Skew:        0.007ns (DCD - SCD - CPR)
    Destination Clock Delay (DCD):    1.928ns
    Source Clock Delay      (SCD):    1.420ns
    Clock Pessimism Removal (CPR):    0.501ns

    Location             Delay type                Incr(ns)  Path(ns)    Netlist Resource(s)
  -------------------------------------------------------------------    -------------------
                         (clock clk rise edge)        0.000     0.000 r  
    M18                                               0.000     0.000 r  clk (IN)
                         net (fo=0)                   0.000     0.000    clk
    M18                  IBUF (Prop_ibuf_I_O)         0.167     0.167 r  clk_IBUF_inst/O
                         net (fo=1, routed)           0.634     0.801    clk_IBUF
    BUFGCTRL_X0Y0        BUFG (Prop_bufg_I_O)         0.026     0.827 r  clk_IBUF_BUFG_inst/O
                         net (fo=23, routed)          0.593     1.420    clk_IBUF_BUFG
    SLICE_X0Y11          FDCE                                         r  sel_r_reg[3]/C
  -------------------------------------------------------------------    -------------------
    SLICE_X0Y11          FDCE (Prop_fdce_C_Q)         0.141     1.561 f  sel_r_reg[3]/Q
                         net (fo=11, routed)          0.651     2.212    sel0[7]
    SLICE_X1Y20          LUT5 (Prop_lut5_I4_O)        0.045     2.257 r  result_r3[7]_i_1/O
                         net (fo=1, routed)           0.000     2.257    alu_out[7]
    SLICE_X1Y20          FDCE                                         r  result_r3_reg[7]/D
  -------------------------------------------------------------------    -------------------

                         (clock clk rise edge)        0.000     0.000 r  
    M18                                               0.000     0.000 r  clk (IN)
                         net (fo=0)                   0.000     0.000    clk
    M18                  IBUF (Prop_ibuf_I_O)         0.356     0.356 r  clk_IBUF_inst/O
                         net (fo=1, routed)           0.689     1.044    clk_IBUF
    BUFGCTRL_X0Y0        BUFG (Prop_bufg_I_O)         0.029     1.073 r  clk_IBUF_BUFG_inst/O
                         net (fo=23, routed)          0.855     1.928    clk_IBUF_BUFG
    SLICE_X1Y20          FDCE                                         r  result_r3_reg[7]/C
                         clock pessimism             -0.501     1.427    
    SLICE_X1Y20          FDCE (Hold_fdce_C_D)         0.091     1.518    result_r3_reg[7]
  -------------------------------------------------------------------
                         required time                         -1.518    
                         arrival time                           2.257    
  -------------------------------------------------------------------
                         slack                                  0.739    

Slack (MET) :             0.746ns  (arrival time - required time)
  Source:                 sel_r_reg[0]/C
                            (rising edge-triggered cell FDCE clocked by clk  {rise@0.000ns fall@6.000ns period=12.000ns})
  Destination:            div_by_zero_flag_r3_reg/D
                            (rising edge-triggered cell FDCE clocked by clk  {rise@0.000ns fall@6.000ns period=12.000ns})
  Path Group:             clk
  Path Type:              Hold (Min at Fast Process Corner)
  Requirement:            0.000ns  (clk rise@0.000ns - clk rise@0.000ns)
  Data Path Delay:        0.842ns  (logic 0.186ns (22.099%)  route 0.656ns (77.901%))
  Logic Levels:           1  (LUT5=1)
  Clock Path Skew:        0.005ns (DCD - SCD - CPR)
    Destination Clock Delay (DCD):    1.927ns
    Source Clock Delay      (SCD):    1.421ns
    Clock Pessimism Removal (CPR):    0.501ns

    Location             Delay type                Incr(ns)  Path(ns)    Netlist Resource(s)
  -------------------------------------------------------------------    -------------------
                         (clock clk rise edge)        0.000     0.000 r  
    M18                                               0.000     0.000 r  clk (IN)
                         net (fo=0)                   0.000     0.000    clk
    M18                  IBUF (Prop_ibuf_I_O)         0.167     0.167 r  clk_IBUF_inst/O
                         net (fo=1, routed)           0.634     0.801    clk_IBUF
    BUFGCTRL_X0Y0        BUFG (Prop_bufg_I_O)         0.026     0.827 r  clk_IBUF_BUFG_inst/O
                         net (fo=23, routed)          0.594     1.421    clk_IBUF_BUFG
    SLICE_X0Y9           FDCE                                         r  sel_r_reg[0]/C
  -------------------------------------------------------------------    -------------------
    SLICE_X0Y9           FDCE (Prop_fdce_C_Q)         0.141     1.562 r  sel_r_reg[0]/Q
                         net (fo=24, routed)          0.656     2.217    sel0[4]
    SLICE_X1Y21          LUT5 (Prop_lut5_I1_O)        0.045     2.262 r  div_by_zero_flag_r3_i_1/O
                         net (fo=1, routed)           0.000     2.262    div_by_zero_flag_r30
    SLICE_X1Y21          FDCE                                         r  div_by_zero_flag_r3_reg/D
  -------------------------------------------------------------------    -------------------

                         (clock clk rise edge)        0.000     0.000 r  
    M18                                               0.000     0.000 r  clk (IN)
                         net (fo=0)                   0.000     0.000    clk
    M18                  IBUF (Prop_ibuf_I_O)         0.356     0.356 r  clk_IBUF_inst/O
                         net (fo=1, routed)           0.689     1.044    clk_IBUF
    BUFGCTRL_X0Y0        BUFG (Prop_bufg_I_O)         0.029     1.073 r  clk_IBUF_BUFG_inst/O
                         net (fo=23, routed)          0.854     1.927    clk_IBUF_BUFG
    SLICE_X1Y21          FDCE                                         r  div_by_zero_flag_r3_reg/C
                         clock pessimism             -0.501     1.426    
    SLICE_X1Y21          FDCE (Hold_fdce_C_D)         0.091     1.517    div_by_zero_flag_r3_reg
  -------------------------------------------------------------------
                         required time                         -1.517    
                         arrival time                           2.262    
  -------------------------------------------------------------------
                         slack                                  0.746    





Pulse Width Checks
--------------------------------------------------------------------------------------
Clock Name:         clk
Waveform(ns):       { 0.000 6.000 }
Period(ns):         12.000
Sources:            { clk }

Check Type        Corner  Lib Pin  Reference Pin  Required(ns)  Actual(ns)  Slack(ns)  Location       Pin
Min Period        n/a     BUFG/I   n/a            2.155         12.000      9.845      BUFGCTRL_X0Y0  clk_IBUF_BUFG_inst/I
Min Period        n/a     FDCE/C   n/a            1.000         12.000      11.000     SLICE_X0Y9     A_r_reg[0]/C
Min Period        n/a     FDCE/C   n/a            1.000         12.000      11.000     SLICE_X1Y8     A_r_reg[1]/C
Min Period        n/a     FDCE/C   n/a            1.000         12.000      11.000     SLICE_X1Y8     A_r_reg[2]/C
Min Period        n/a     FDCE/C   n/a            1.000         12.000      11.000     SLICE_X0Y8     A_r_reg[3]/C
Min Period        n/a     FDCE/C   n/a            1.000         12.000      11.000     SLICE_X0Y8     B_r_reg[0]/C
Min Period        n/a     FDCE/C   n/a            1.000         12.000      11.000     SLICE_X0Y9     B_r_reg[1]/C
Min Period        n/a     FDCE/C   n/a            1.000         12.000      11.000     SLICE_X0Y8     B_r_reg[2]/C
Min Period        n/a     FDCE/C   n/a            1.000         12.000      11.000     SLICE_X0Y8     B_r_reg[3]/C
Min Period        n/a     FDCE/C   n/a            1.000         12.000      11.000     SLICE_X1Y21    div_by_zero_flag_r3_reg/C
Low Pulse Width   Fast    FDCE/C   n/a            0.500         6.000       5.500      SLICE_X1Y17    overflow_flag_r3_reg/C
Low Pulse Width   Fast    FDCE/C   n/a            0.500         6.000       5.500      SLICE_X1Y15    result_r3_reg[2]/C
Low Pulse Width   Fast    FDCE/C   n/a            0.500         6.000       5.500      SLICE_X1Y17    result_r3_reg[4]/C
Low Pulse Width   Fast    FDCE/C   n/a            0.500         6.000       5.500      SLICE_X1Y18    result_r3_reg[5]/C
Low Pulse Width   Slow    FDCE/C   n/a            0.500         6.000       5.500      SLICE_X1Y19    result_r3_reg[6]/C
Low Pulse Width   Slow    FDCE/C   n/a            0.500         6.000       5.500      SLICE_X1Y20    result_r3_reg[7]/C
Low Pulse Width   Slow    FDCE/C   n/a            0.500         6.000       5.500      SLICE_X0Y9     A_r_reg[0]/C
Low Pulse Width   Slow    FDCE/C   n/a            0.500         6.000       5.500      SLICE_X0Y9     B_r_reg[1]/C
Low Pulse Width   Slow    FDCE/C   n/a            0.500         6.000       5.500      SLICE_X1Y11    result_r3_reg[0]/C
Low Pulse Width   Slow    FDCE/C   n/a            0.500         6.000       5.500      SLICE_X0Y11    result_r3_reg[1]/C
High Pulse Width  Slow    FDCE/C   n/a            0.500         6.000       5.500      SLICE_X1Y17    overflow_flag_r3_reg/C
High Pulse Width  Slow    FDCE/C   n/a            0.500         6.000       5.500      SLICE_X1Y15    result_r3_reg[2]/C
High Pulse Width  Slow    FDCE/C   n/a            0.500         6.000       5.500      SLICE_X1Y16    result_r3_reg[3]/C
High Pulse Width  Slow    FDCE/C   n/a            0.500         6.000       5.500      SLICE_X1Y17    result_r3_reg[4]/C
High Pulse Width  Slow    FDCE/C   n/a            0.500         6.000       5.500      SLICE_X1Y23    zero_flag_r3_reg/C
High Pulse Width  Slow    FDCE/C   n/a            0.500         6.000       5.500      SLICE_X0Y9     A_r_reg[0]/C
High Pulse Width  Fast    FDCE/C   n/a            0.500         6.000       5.500      SLICE_X0Y9     A_r_reg[0]/C
High Pulse Width  Slow    FDCE/C   n/a            0.500         6.000       5.500      SLICE_X1Y8     A_r_reg[1]/C
High Pulse Width  Fast    FDCE/C   n/a            0.500         6.000       5.500      SLICE_X1Y8     A_r_reg[1]/C
High Pulse Width  Slow    FDCE/C   n/a            0.500         6.000       5.500      SLICE_X1Y8     A_r_reg[2]/C



